{"level":"INFO","ts":"2026-04-03T02:53:47.430+0800","caller":"api/main.go:34","msg":"Starting application","name":"enterprise-pdf-ai","env":"development"}
{"level":"INFO","ts":"2026-04-03T02:53:47.597+0800","caller":"database/postgres.go:19","msg":"Connecting to PostgreSQL...","dsn":"host=localhost user=postgres password=postgres dbname=pdf_ai port=5432 sslmode=disable TimeZone=Asia/Shanghai"}
{"level":"FATAL","ts":"2026-04-03T02:53:48.128+0800","caller":"api/main.go:38","msg":"Failed to initialize database","error":"failed to connect to database: failed to connect to `host=localhost user=postgres database=pdf_ai`: failed SASL auth (\ufffd\ufffd\ufffd\ufffd\ufffd\ufffd\ufffd\ufffd: \ufffdû\ufffd \"postgres\" Password \ufffd\ufffd֤ʧ\ufffd\ufffd (SQLSTATE 28P01))","stacktrace":"main.main\n\tF:/ask-multiple-pdfs/enterprise-pdf-ai/cmd/api/main.go:38\nruntime.main\n\tE:/Go/src/runtime/proc.go:290"}
{"level":"INFO","ts":"2026-04-03T02:54:36.126+0800","caller":"api/main.go:34","msg":"Starting application","name":"enterprise-pdf-ai","env":"development"}
{"level":"INFO","ts":"2026-04-03T02:54:36.150+0800","caller":"database/postgres.go:19","msg":"Connecting to PostgreSQL...","dsn":"host=localhost user=postgres password=postgres dbname=pdf_ai port=5432 sslmode=disable TimeZone=Asia/Shanghai"}
{"level":"FATAL","ts":"2026-04-03T02:54:36.543+0800","caller":"api/main.go:38","msg":"Failed to initialize database","error":"failed to connect to database: failed to connect to `host=localhost user=postgres database=pdf_ai`: failed SASL auth (\ufffd\ufffd\ufffd\ufffd\ufffd\ufffd\ufffd\ufffd: \ufffdû\ufffd \"postgres\" Password \ufffd\ufffd֤ʧ\ufffd\ufffd (SQLSTATE 28P01))","stacktrace":"main.main\n\tF:/ask-multiple-pdfs/enterprise-pdf-ai/cmd/api/main.go:38\nruntime.main\n\tE:/Go/src/runtime/proc.go:290"}
{"level":"INFO","ts":"2026-04-03T02:58:37.715+0800","caller":"api/main.go:34","msg":"Starting application","name":"enterprise-pdf-ai","env":"development"}
{"level":"INFO","ts":"2026-04-03T02:58:37.842+0800","caller":"database/postgres.go:19","msg":"Connecting to PostgreSQL...","dsn":"host=localhost user=postgres password=postgres dbname=pdf_ai port=5432 sslmode=disable TimeZone=Asia/Shanghai"}
{"level":"FATAL","ts":"2026-04-03T02:58:38.217+0800","caller":"api/main.go:38","msg":"Failed to initialize database","error":"failed to connect to database: failed to connect to `host=localhost user=postgres database=pdf_ai`: failed SASL auth (\ufffd\ufffd\ufffd\ufffd\ufffd\ufffd\ufffd\ufffd: \ufffdû\ufffd \"postgres\" Password \ufffd\ufffd֤ʧ\ufffd\ufffd (SQLSTATE 28P01))","stacktrace":"main.main\n\tF:/ask-multiple-pdfs/enterprise-pdf-ai/cmd/api/main.go:38\nruntime.main\n\tE:/Go/src/runtime/proc.go:290"}
{"level":"INFO","ts":"2026-04-03T03:05:26.116+0800","caller":"api/main.go:34","msg":"Starting application","name":"enterprise-pdf-ai","env":"development"}
{"level":"INFO","ts":"2026-04-03T03:05:26.140+0800","caller":"database/postgres.go:19","msg":"Connecting to PostgreSQL...","dsn":"host=localhost user=postgres password=postgres dbname=pdf_ai port=5432 sslmode=disable TimeZone=Asia/Shanghai"}
{"level":"FATAL","ts":"2026-04-03T03:05:26.519+0800","caller":"api/main.go:38","msg":"Failed to initialize database","error":"failed to connect to database: failed to connect to `host=localhost user=postgres database=pdf_ai`: failed SASL auth (\ufffd\ufffd\ufffd\ufffd\ufffd\ufffd\ufffd\ufffd: \ufffdû\ufffd \"postgres\" Password \ufffd\ufffd֤ʧ\ufffd\ufffd (SQLSTATE 28P01))","stacktrace":"main.main\n\tF:/ask-multiple-pdfs/enterprise-pdf-ai/cmd/api/main.go:38\nruntime.main\n\tE:/Go/src/runtime/proc.go:290"}
{"level":"INFO","ts":"2026-04-03T03:08:57.737+0800","caller":"api/main.go:34","msg":"Starting application","name":"enterprise-pdf-ai","env":"development"}
{"level":"INFO","ts":"2026-04-03T03:08:57.764+0800","caller":"database/postgres.go:19","msg":"Connecting to PostgreSQL...","dsn":"host=postgres user=postgres password=postgres dbname=pdf_ai port=5432 sslmode=disable TimeZone=Asia/Shanghai"}
{"level":"FATAL","ts":"2026-04-03T03:09:09.564+0800","caller":"api/main.go:38","msg":"Failed to initialize database","error":"failed to connect to database: failed to connect to `host=postgres user=postgres database=pdf_ai`: hostname resolving error (lookup postgres: no such host)","stacktrace":"main.main\n\tF:/ask-multiple-pdfs/enterprise-pdf-ai/cmd/api/main.go:38\nruntime.main\n\tE:/Go/src/runtime/proc.go:290"}
{"level":"INFO","ts":"2026-04-03T03:18:42.287+0800","caller":"api/main.go:34","msg":"Starting application","name":"enterprise-pdf-ai","env":"development"}
{"level":"INFO","ts":"2026-04-03T03:18:42.310+0800","caller":"database/postgres.go:19","msg":"Connecting to PostgreSQL...","dsn":"host=localhost user=postgres password=postgres dbname=pdf_ai port=5432 sslmode=disable TimeZone=Asia/Shanghai"}
{"level":"FATAL","ts":"2026-04-03T03:18:42.695+0800","caller":"api/main.go:38","msg":"Failed to initialize database","error":"failed to connect to database: failed to connect to `host=localhost user=postgres database=pdf_ai`: failed SASL auth (\ufffd\ufffd\ufffd\ufffd\ufffd\ufffd\ufffd\ufffd: \ufffdû\ufffd \"postgres\" Password \ufffd\ufffd֤ʧ\ufffd\ufffd (SQLSTATE 28P01))","stacktrace":"main.main\n\tF:/ask-multiple-pdfs/enterprise-pdf-ai/cmd/api/main.go:38\nruntime.main\n\tE:/Go/src/runtime/proc.go:290"}
{"level":"INFO","ts":"2026-04-03T03:21:19.068+0800","caller":"api/main.go:34","msg":"Starting application","name":"enterprise-pdf-ai","env":"development"}
{"level":"INFO","ts":"2026-04-03T03:21:19.088+0800","caller":"database/postgres.go:19","msg":"Connecting to PostgreSQL...","dsn":"host=localhost user=postgres password=postgres dbname=pdf_ai port=5432 sslmode=disable TimeZone=Asia/Shanghai"}
{"level":"FATAL","ts":"2026-04-03T03:21:19.140+0800","caller":"api/main.go:38","msg":"Failed to initialize database","error":"failed to connect to database: failed to connect to `host=localhost user=postgres database=pdf_ai`: dial error (dial tcp 127.0.0.1:5432: connectex: No connection could be made because the target machine actively refused it.)","stacktrace":"main.main\n\tF:/ask-multiple-pdfs/enterprise-pdf-ai/cmd/api/main.go:38\nruntime.main\n\tE:/Go/src/runtime/proc.go:290"}
{"level":"INFO","ts":"2026-04-03T03:23:26.261+0800","caller":"api/main.go:34","msg":"Starting application","name":"enterprise-pdf-ai","env":"development"}
{"level":"INFO","ts":"2026-04-03T03:23:26.281+0800","caller":"database/postgres.go:19","msg":"Connecting to PostgreSQL...","dsn":"host=localhost user=postgres password=postgres dbname=pdf_ai port=5432 sslmode=disable TimeZone=Asia/Shanghai"}
{"level":"INFO","ts":"2026-04-03T03:23:27.367+0800","caller":"database/postgres.go:48","msg":"PostgreSQL connection established successfully"}
{"level":"INFO","ts":"2026-04-03T03:23:27.367+0800","caller":"cache/redis.go:17","msg":"Connecting to Redis...","addr":"localhost:6379"}
{"level":"INFO","ts":"2026-04-03T03:23:29.786+0800","caller":"cache/redis.go:35","msg":"Redis connection established successfully"}
{"level":"INFO","ts":"2026-04-03T03:23:29.787+0800","caller":"api/main.go:72","msg":"Server is running","port":8080}
{"level":"INFO","ts":"2026-04-03T03:24:19.154+0800","caller":"api/main.go:85","msg":"Shutdown Server ..."}
{"level":"INFO","ts":"2026-04-03T03:24:19.154+0800","caller":"api/main.go:96","msg":"Server exiting"}
{"level":"INFO","ts":"2026-04-03T03:24:19.154+0800","caller":"cache/redis.go:43","msg":"Closing Redis connection"}
{"level":"INFO","ts":"2026-04-03T03:24:19.156+0800","caller":"database/postgres.go:57","msg":"Closing PostgreSQL connection"}
{"level":"INFO","ts":"2026-04-03T15:41:15.929+0800","caller":"api/main.go:33","msg":"Starting application","name":"enterprise-pdf-ai","env":"development"}
{"level":"INFO","ts":"2026-04-03T15:41:15.938+0800","caller":"database/postgres.go:19","msg":"Connecting to PostgreSQL...","dsn":"host=localhost user=postgres password=postgres dbname=pdf_ai port=5432 sslmode=disable TimeZone=Asia/Shanghai"}
{"level":"FATAL","ts":"2026-04-03T15:41:16.468+0800","caller":"api/main.go:36","msg":"Failed to initialize database","error":"failed to connect to database: failed to connect to `host=localhost user=postgres database=pdf_ai`: failed SASL auth (\ufffd\ufffd\ufffd\ufffd\ufffd\ufffd\ufffd\ufffd: \ufffdû\ufffd \"postgres\" Password \ufffd\ufffd֤ʧ\ufffd\ufffd (SQLSTATE 28P01))","stacktrace":"main.main\n\tF:/ask-multiple-pdfs/enterprise-pdf-ai/cmd/api/main.go:36\nruntime.main\n\tE:/Go/src/runtime/proc.go:290"}
{"level":"INFO","ts":"2026-04-03T15:44:08.483+0800","caller":"api/main.go:33","msg":"Starting application","name":"enterprise-pdf-ai","env":"development"}
{"level":"INFO","ts":"2026-04-03T15:44:08.483+0800","caller":"database/postgres.go:19","msg":"Connecting to PostgreSQL...","dsn":"host=localhost user=postgres password=postgres dbname=pdf_ai port=5432 sslmode=disable TimeZone=Asia/Shanghai"}
{"level":"FATAL","ts":"2026-04-03T15:44:08.852+0800","caller":"api/main.go:36","msg":"Failed to initialize database","error":"failed to connect to database: failed to connect to `host=localhost user=postgres database=pdf_ai`: failed SASL auth (\ufffd\ufffd\ufffd\ufffd\ufffd\ufffd\ufffd\ufffd: \ufffdû\ufffd \"postgres\" Password \ufffd\ufffd֤ʧ\ufffd\ufffd (SQLSTATE 28P01))","stacktrace":"main.main\n\tF:/ask-multiple-pdfs/enterprise-pdf-ai/cmd/api/main.go:36\nruntime.main\n\tE:/Go/src/runtime/proc.go:290"}
{"level":"INFO","ts":"2026-04-03T16:13:05.990+0800","caller":"api/main.go:33","msg":"Starting application","name":"enterprise-pdf-ai","env":"development"}
{"level":"INFO","ts":"2026-04-03T16:13:09.980+0800","caller":"database/postgres.go:19","msg":"Connecting to PostgreSQL...","dsn":"host=localhost user=postgres password=postgres dbname=pdf_ai port=5433 sslmode=disable TimeZone=Asia/Shanghai"}
{"level":"FATAL","ts":"2026-04-03T16:13:11.073+0800","caller":"api/main.go:36","msg":"Failed to initialize database","error":"failed to connect to database: failed to connect to `host=localhost user=postgres database=pdf_ai`: failed SASL auth (FATAL: password authentication failed for user \"postgres\" (SQLSTATE 28P01))","stacktrace":"main.main\n\tF:/ask-multiple-pdfs/enterprise-pdf-ai/cmd/api/main.go:36\nruntime.main\n\tE:/Go/src/runtime/proc.go:290"}
